;;; 
Export: Release 11.2.0.2.0 - Production on Tue Apr 19 09:33:37 2022

Copyright (c) 1982, 2009, Oracle and/or its affiliates.  All rights reserved.
;;; 
Connected to: Oracle Database 11g Express Edition Release 11.2.0.2.0 - Production
Starting "SYS"."SYS_EXPORT_SCHEMA_01":  /******** AS SYSDBA DIRECTORY=DATAPUMP DUMPFILE='EXP_SCHEMA.DMP' LOGFILE='EXP_SCHEMA.LOG' SCHEMAS='TEST' 
Estimate in progress using BLOCKS method...
Processing object type SCHEMA_EXPORT/TABLE/TABLE_DATA
Total estimation using BLOCKS method: 64 KB
Processing object type SCHEMA_EXPORT/USER
Processing object type SCHEMA_EXPORT/SYSTEM_GRANT
Processing object type SCHEMA_EXPORT/ROLE_GRANT
Processing object type SCHEMA_EXPORT/DEFAULT_ROLE
Processing object type SCHEMA_EXPORT/PRE_SCHEMA/PROCACT_SCHEMA
Processing object type SCHEMA_EXPORT/TABLE/TABLE
. . exported "TEST"."STUDENTS"                           5.578 KB      10 rows
Master table "SYS"."SYS_EXPORT_SCHEMA_01" successfully loaded/unloaded
******************************************************************************
Dump file set for SYS.SYS_EXPORT_SCHEMA_01 is:
  D:\LEARNING\COLLAGE\SAM4\405\IMPEXP\DP\EXP_SCHEMA.DMP
Job "SYS"."SYS_EXPORT_SCHEMA_01" successfully completed at 09:34:14
