
SQL*Loader: Release 11.2.0.2.0 - Production on Mon May 9 11:07:49 2022

Copyright (c) 1982, 2009, Oracle and/or its affiliates.  All rights reserved.

Control File:   ADD.CTL
Data File:      ADD.DAT
  Bad File:     ADD.bad
  Discard File:  none specified
 
 (Allow all discards)

Number to load: ALL
Number to skip: 0
Errors allowed: 50
Bind array:     64 rows, maximum of 256000 bytes
Continuation:    none specified
Path used:      Conventional

Table TESTADD, loaded from every logical record.
Insert option in effect for this table: APPEND

   Column Name                  Position   Len  Term Encl Datatype
------------------------------ ---------- ----- ---- ---- ---------------------
ADDRESS                             FIRST     *   ,  O(") CHARACTER            

Record 1: Rejected - Error on table TESTADD, column ADDRESS.
second enclosure string not present

Table TESTADD:
  2 Rows successfully loaded.
  1 Row not loaded due to data errors.
  0 Rows not loaded because all WHEN clauses were failed.
  0 Rows not loaded because all fields were null.


Space allocated for bind array:                  16512 bytes(64 rows)
Read   buffer bytes: 1048576

Total logical records skipped:          0
Total logical records read:             3
Total logical records rejected:         1
Total logical records discarded:        0

Run began on Mon May 09 11:07:49 2022
Run ended on Mon May 09 11:07:54 2022

Elapsed time was:     00:00:04.07
CPU time was:         00:00:00.06
