
SQL*Loader: Release 11.2.0.2.0 - Production on Fri Apr 22 12:35:04 2022

Copyright (c) 1982, 2009, Oracle and/or its affiliates.  All rights reserved.

Control File:   FIXLOAD.CTL
Data File:      FIX.DAT
  Bad File:     FIXLOAD_BAD.BAD
  Discard File: FIXDISC.DISC 
 (Allow all discards)

Number to load: ALL
Number to skip: 0
Errors allowed: 50
Bind array:     64 rows, maximum of 256000 bytes
Continuation:    none specified
Path used:      Conventional

Table TEST, loaded from every logical record.
Insert option in effect for this table: INSERT

   Column Name                  Position   Len  Term Encl Datatype
------------------------------ ---------- ----- ---- ---- ---------------------
ID                                    1:2     2           CHARACTER            
VALUE                                3:23    21           CHARACTER            


Table TEST:
  5 Rows successfully loaded.
  0 Rows not loaded due to data errors.
  0 Rows not loaded because all WHEN clauses were failed.
  0 Rows not loaded because all fields were null.


Space allocated for bind array:                   1792 bytes(64 rows)
Read   buffer bytes: 1048576

Total logical records skipped:          0
Total logical records read:             5
Total logical records rejected:         0
Total logical records discarded:        0

Run began on Fri Apr 22 12:35:04 2022
Run ended on Fri Apr 22 12:35:04 2022

Elapsed time was:     00:00:00.11
CPU time was:         00:00:00.03
