
SQL*Loader: Release 11.2.0.2.0 - Production on Tue Jul 12 22:07:14 2022

Copyright (c) 1982, 2009, Oracle and/or its affiliates.  All rights reserved.

Control File:   LOADCSV.CTL
Data File:      loadcsv.csv
  Bad File:     loadcsv.bad
  Discard File:  none specified
 
 (Allow all discards)

Number to load: ALL
Number to skip: 0
Errors allowed: 50
Bind array:     64 rows, maximum of 256000 bytes
Continuation:    none specified
Path used:      Conventional

Table LOADCSV, loaded from every logical record.
Insert option in effect for this table: INSERT

   Column Name                  Position   Len  Term Encl Datatype
------------------------------ ---------- ----- ---- ---- ---------------------
NUM                                 FIRST     *   ,  O(") CHARACTER            
NAME                                 NEXT     *   ,  O(") CHARACTER            
    SQL string for column : "UPPER(:NAME)"
LDATE                                NEXT     *   ,  O(") DATE DD-MM-YYYY      
XNUM                                 NEXT     *   ,  O(") CHARACTER            


Table LOADCSV:
  4 Rows successfully loaded.
  0 Rows not loaded due to data errors.
  0 Rows not loaded because all WHEN clauses were failed.
  0 Rows not loaded because all fields were null.


Space allocated for bind array:                  66048 bytes(64 rows)
Read   buffer bytes: 1048576

Total logical records skipped:          0
Total logical records read:             4
Total logical records rejected:         0
Total logical records discarded:        0

Run began on Tue Jul 12 22:07:14 2022
Run ended on Tue Jul 12 22:07:14 2022

Elapsed time was:     00:00:00.12
CPU time was:         00:00:00.05
