
SQL*Loader: Release 11.2.0.2.0 - Production on Tue Jul 5 23:05:05 2022

Copyright (c) 1982, 2009, Oracle and/or its affiliates.  All rights reserved.

Control File:   CONTROL.CTL
Data File:      DATA.DAT
  Bad File:     DATA.bad
  Discard File:  none specified
 
 (Allow all discards)

Number to load: ALL
Number to skip: 0
Errors allowed: 50
Bind array:     64 rows, maximum of 256000 bytes
Continuation:    none specified
Path used:      Conventional

Table ADDRESS, loaded from every logical record.
Insert option in effect for this table: INSERT

   Column Name                  Position   Len  Term Encl Datatype
------------------------------ ---------- ----- ---- ---- ---------------------
FIELD_NAME                          FIRST    50   ,       CHARACTER            
ADDRESS                           DERIVED     *  EOF      CHARACTER            
    Dynamic LOBFILE.  Filename in field FIELD_NAME


Table ADDRESS:
  1 Row successfully loaded.
  0 Rows not loaded due to data errors.
  0 Rows not loaded because all WHEN clauses were failed.
  0 Rows not loaded because all fields were null.


Space allocated for bind array:                   3328 bytes(64 rows)
Read   buffer bytes: 1048576

Total logical records skipped:          0
Total logical records read:             1
Total logical records rejected:         0
Total logical records discarded:        0

Run began on Tue Jul 05 23:05:05 2022
Run ended on Tue Jul 05 23:05:05 2022

Elapsed time was:     00:00:00.05
CPU time was:         00:00:00.03
