
SQL*Loader: Release 11.2.0.2.0 - Production on Sun Jul 3 11:20:03 2022

Copyright (c) 1982, 2009, Oracle and/or its affiliates.  All rights reserved.

Control File:   FIXCTL.CTL
Data File:      FIXLOAD.DAT
  Bad File:     FIXBAD.BAD
  Discard File: FIXDIS.DISC 
 (Allow all discards)

Number to load: ALL
Number to skip: 0
Errors allowed: 50
Bind array:     64 rows, maximum of 256000 bytes
Continuation:    none specified
Path used:      Conventional

Table FIXLOAD, loaded from every logical record.
Insert option in effect for this table: INSERT

   Column Name                  Position   Len  Term Encl Datatype
------------------------------ ---------- ----- ---- ---- ---------------------
NO                                    1:2     2           CHARACTER            
NAME                                  3:6     4           CHARACTER            
CITY                                 7:11     5           CHARACTER            


Table FIXLOAD:
  4 Rows successfully loaded.
  0 Rows not loaded due to data errors.
  0 Rows not loaded because all WHEN clauses were failed.
  0 Rows not loaded because all fields were null.


Space allocated for bind array:                   1152 bytes(64 rows)
Read   buffer bytes: 1048576

Total logical records skipped:          0
Total logical records read:             4
Total logical records rejected:         0
Total logical records discarded:        0

Run began on Sun Jul 03 11:20:03 2022
Run ended on Sun Jul 03 11:20:03 2022

Elapsed time was:     00:00:00.06
CPU time was:         00:00:00.00
