
SQL*Loader: Release 11.2.0.2.0 - Production on Sun Jul 3 11:28:49 2022

Copyright (c) 1982, 2009, Oracle and/or its affiliates.  All rights reserved.

Control File:   VARCTL.CTL
Data File:      VARLOAD.DAT
  Bad File:     VARBAD.BAD
  Discard File: VARDIS.DISC 
 (Allow all discards)

Number to load: ALL
Number to skip: 0
Errors allowed: 50
Bind array:     64 rows, maximum of 256000 bytes
Continuation:    none specified
Path used:      Conventional

Table FIXLOAD, loaded when CITY = 0X4445455341(character 'DEESA')
Insert option in effect for this table: APPEND

   Column Name                  Position   Len  Term Encl Datatype
------------------------------ ---------- ----- ---- ---- ---------------------
NO                                  FIRST     *   ,  O(") CHARACTER            
NAME                                 NEXT     *   ,  O(") CHARACTER            
CITY                                 NEXT     *   ,  O(") CHARACTER            

Record 4: Discarded - failed all WHEN clauses.

Table FIXLOAD:
  3 Rows successfully loaded.
  0 Rows not loaded due to data errors.
  1 Row not loaded because all WHEN clauses were failed.
  0 Rows not loaded because all fields were null.


Space allocated for bind array:                  49536 bytes(64 rows)
Read   buffer bytes: 1048576

Total logical records skipped:          0
Total logical records read:             4
Total logical records rejected:         0
Total logical records discarded:        1

Run began on Sun Jul 03 11:28:49 2022
Run ended on Sun Jul 03 11:28:49 2022

Elapsed time was:     00:00:00.05
CPU time was:         00:00:00.00
